[debug] [2025-10-16T13:14:01.814Z] ----------------------------------------------------------------------
[debug] [2025-10-16T13:14:01.850Z] Command:       C:\nvm4w\nodejs\node.exe C:\nvm4w\nodejs\node_modules\firebase-tools\lib\bin\firebase.js emulators:start --only hosting functions --debug
[debug] [2025-10-16T13:14:01.851Z] CLI Version:   14.20.0
[debug] [2025-10-16T13:14:01.853Z] Platform:      win32
[debug] [2025-10-16T13:14:01.853Z] Node Version:  v20.17.0
[debug] [2025-10-16T13:14:01.854Z] Time:          Thu Oct 16 2025 15:14:01 GMT+0200 (South Africa Standard Time)
[debug] [2025-10-16T13:14:01.854Z] ----------------------------------------------------------------------
[debug] 
[debug] [2025-10-16T13:14:03.471Z] > command requires scopes: ["email","openid","https://www.googleapis.com/auth/cloudplatformprojects.readonly","https://www.googleapis.com/auth/firebase","https://www.googleapis.com/auth/cloud-platform"]
[debug] [2025-10-16T13:14:03.483Z] > authorizing via signed-in user (liamhigh78@gmail.com)
[debug] [2025-10-16T13:14:03.575Z] Could not find VSCode notification endpoint: FetchError: request to http://localhost:40001/vscode/notify failed, reason: . If you are not running the Firebase Data Connect VSCode extension, this is expected and not an issue.
[info] i  emulators: Shutting down emulators. {"metadata":{"emulator":{"name":"hub"},"message":"Shutting down emulators."}}
[debug] [2025-10-16T13:14:03.836Z] Could not find VSCode notification endpoint: FetchError: request to http://localhost:40001/vscode/notify failed, reason: . If you are not running the Firebase Data Connect VSCode extension, this is expected and not an issue.
[error] 
[error] Error: No emulators to start, run firebase init emulators to get started.
[debug] [2025-10-20T14:25:44.861Z] ----------------------------------------------------------------------
[debug] [2025-10-20T14:25:44.863Z] Command:       /usr/local/share/nvm/versions/node/v22.17.0/bin/node /home/codespace/nvm/current/bin/firebase emulators:start --only hosting,functions
[debug] [2025-10-20T14:25:44.863Z] CLI Version:   14.20.0
[debug] [2025-10-20T14:25:44.863Z] Platform:      linux
[debug] [2025-10-20T14:25:44.864Z] Node Version:  v22.17.0
[debug] [2025-10-20T14:25:44.864Z] Time:          Mon Oct 20 2025 14:25:44 GMT+0000 (Coordinated Universal Time)
[debug] [2025-10-20T14:25:44.864Z] Env Overrides: GITHUB_API_URL, GITHUB_API_URL
[debug] [2025-10-20T14:25:44.864Z] ----------------------------------------------------------------------
[debug] 
[debug] [2025-10-20T14:25:44.866Z] >>> [apiv2][query] GET https://firebase-public.firebaseio.com/cli.json [none]
[debug] [2025-10-20T14:25:45.396Z] > command requires scopes: ["email","openid","https://www.googleapis.com/auth/cloudplatformprojects.readonly","https://www.googleapis.com/auth/firebase","https://www.googleapis.com/auth/cloud-platform"]
[debug] Failed to authenticate, have you run firebase login?
[warn] ⚠  emulators: You are not currently authenticated so some features may not work correctly. Please run firebase login to authenticate the CLI. 
[info] i  emulators: Starting emulators: functions, hosting {"metadata":{"emulator":{"name":"hub"},"message":"Starting emulators: functions, hosting"}}
[debug] [2025-10-20T14:25:45.424Z] [logging] Logging Emulator only supports listening on one address (127.0.0.1). Not listening on ::1
[debug] [2025-10-20T14:25:45.425Z] [hosting] Hosting Emulator only supports listening on one address (127.0.0.1). Not listening on ::1
[debug] [2025-10-20T14:25:45.425Z] assigned listening specs for emulators {"user":{"hub":[{"address":"127.0.0.1","family":"IPv4","port":4400},{"address":"::1","family":"IPv6","port":4400}],"ui":[{"address":"127.0.0.1","family":"IPv4","port":4000},{"address":"::1","family":"IPv6","port":4000}],"logging":[{"address":"127.0.0.1","family":"IPv4","port":4500}],"hosting":[{"address":"127.0.0.1","family":"IPv4","port":5000}]},"metadata":{"message":"assigned listening specs for emulators"}}
[debug] [2025-10-20T14:25:45.436Z] Emulator locator file path: /tmp/hub-gitverum.json
[debug] [2025-10-20T14:25:45.438Z] [hub] writing locator at /tmp/hub-gitverum.json
[debug] [2025-10-20T14:25:45.463Z] [functions] Functions Emulator only supports listening on one address (127.0.0.1). Not listening on ::1
[debug] [2025-10-20T14:25:45.464Z] [eventarc] Eventarc Emulator only supports listening on one address (127.0.0.1). Not listening on ::1
[debug] [2025-10-20T14:25:45.464Z] [tasks] Cloud Tasks Emulator only supports listening on one address (127.0.0.1). Not listening on ::1
[debug] [2025-10-20T14:25:45.464Z] late-assigned ports for functions and eventarc emulators {"user":{"hub":[{"address":"127.0.0.1","family":"IPv4","port":4400},{"address":"::1","family":"IPv6","port":4400}],"ui":[{"address":"127.0.0.1","family":"IPv4","port":4000},{"address":"::1","family":"IPv6","port":4000}],"logging":[{"address":"127.0.0.1","family":"IPv4","port":4500}],"hosting":[{"address":"127.0.0.1","family":"IPv4","port":5000}],"functions":[{"address":"127.0.0.1","family":"IPv4","port":5001}],"eventarc":[{"address":"127.0.0.1","family":"IPv4","port":9299}],"tasks":[{"address":"127.0.0.1","family":"IPv4","port":9499}]},"metadata":{"message":"late-assigned ports for functions and eventarc emulators"}}
[warn] ⚠  functions: The following emulators are not running, calls to these services from the Functions emulator will affect production: apphosting, auth, firestore, database, pubsub, storage, dataconnect {"metadata":{"emulator":{"name":"functions"},"message":"The following emulators are not running, calls to these services from the Functions emulator will affect production: \u001b[1mapphosting, auth, firestore, database, pubsub, storage, dataconnect\u001b[22m"}}
[debug] [2025-10-20T14:25:45.466Z] No OAuth tokens found
[debug] [2025-10-20T14:25:45.466Z] No OAuth tokens found
[debug] [2025-10-20T14:25:45.466Z] > command requires scopes: ["email","openid","https://www.googleapis.com/auth/cloudplatformprojects.readonly","https://www.googleapis.com/auth/firebase","https://www.googleapis.com/auth/cloud-platform"]
[debug] [2025-10-20T14:25:45.467Z] Failed to get Admin SDK config for gitverum, falling back to cache Failed to get Admin SDK for Firebase project gitverum. Please make sure the project exists and your account has permission to access it. {"name":"FirebaseError","children":[],"exit":2,"message":"Failed to get Admin SDK for Firebase project gitverum. Please make sure the project exists and your account has permission to access it.","original":{"name":"FirebaseError","children":[],"exit":1,"message":"Failed to authenticate, have you run \u001b[1mfirebase login\u001b[22m?","original":{},"status":500},"status":500}
[warn] ⚠  functions: Unable to fetch project Admin SDK configuration, Admin SDK behavior in Cloud Functions emulator may be incorrect. {"metadata":{"emulator":{"name":"functions"},"message":"Unable to fetch project Admin SDK configuration, Admin SDK behavior in Cloud Functions emulator may be incorrect."}}
[debug] [2025-10-20T14:25:45.480Z] No OAuth tokens found
[debug] [2025-10-20T14:25:45.480Z] No OAuth tokens found
[debug] [2025-10-20T14:25:45.480Z] > command requires scopes: ["email","openid","https://www.googleapis.com/auth/cloudplatformprojects.readonly","https://www.googleapis.com/auth/firebase","https://www.googleapis.com/auth/cloud-platform"]
[debug] [2025-10-20T14:25:45.481Z] Failed to list hosting sites
[debug] Failed to authenticate, have you run firebase login?
[debug] [2025-10-20T14:25:45.481Z] No OAuth tokens found
[debug] [2025-10-20T14:25:45.481Z] No OAuth tokens found
[debug] [2025-10-20T14:25:45.481Z] > command requires scopes: ["email","openid","https://www.googleapis.com/auth/cloudplatformprojects.readonly","https://www.googleapis.com/auth/firebase","https://www.googleapis.com/auth/cloud-platform"]
[debug] [2025-10-20T14:25:45.481Z] fetchWebSetup error: FirebaseError: Failed to authenticate, have you run firebase login?
[warn] ⚠  hosting: Could not fetch web app configuration and there is no cached configuration on this machine. Check your internet connection and make sure you are authenticated. To continue, you must call firebase.initializeApp({...}) in your code before using Firebase. 
[debug] [2025-10-20T14:25:45.483Z] No OAuth tokens found
[debug] [2025-10-20T14:25:45.483Z] No OAuth tokens found
[debug] [2025-10-20T14:25:45.483Z] > command requires scopes: ["email","openid","https://www.googleapis.com/auth/cloudplatformprojects.readonly","https://www.googleapis.com/auth/firebase","https://www.googleapis.com/auth/cloud-platform"]
[debug] [2025-10-20T14:25:45.483Z] Failed to authenticate, have you run firebase login? (original: Could not load the default credentials. Browse to https://cloud.google.com/docs/authentication/getting-started for more information.)
[info] i  hosting[gitverum]: Serving hosting files from: web {"metadata":{"emulator":{"name":"hosting"},"message":"Serving hosting files from: \u001b[1mweb\u001b[22m"}}
[info] ✔  hosting[gitverum]: Local server: http://127.0.0.1:5000 {"metadata":{"emulator":{"name":"hosting"},"message":"Local server: \u001b[4m\u001b[1mhttp://127.0.0.1:5000\u001b[22m\u001b[24m"}}
[info] i  ui: downloading ui-v1.15.0.zip... {"metadata":{"emulator":{"name":"ui"},"message":"downloading ui-v1.15.0.zip..."}}
[debug] [2025-10-20T14:25:45.507Z] >>> [apiv2][query] GET https://storage.googleapis.com/firebase-preview-drop/emulator/ui-v1.15.0.zip 
[debug] [2025-10-20T14:25:45.791Z] <<< [apiv2][status] GET https://storage.googleapis.com/firebase-preview-drop/emulator/ui-v1.15.0.zip 200
[debug] [2025-10-20T14:25:45.791Z] <<< [apiv2][body] GET https://storage.googleapis.com/firebase-preview-drop/emulator/ui-v1.15.0.zip [stream]
[debug] [2025-10-20T14:25:45.883Z] Data is 3538469
[debug] [2025-10-20T14:25:45.883Z] [unzip] Entry: client/ (compressed_size=0 bytes, uncompressed_size=0 bytes)
[debug] [2025-10-20T14:25:45.883Z] [unzip] Processing entry: client/
[debug] [2025-10-20T14:25:45.883Z] [unzip] mkdir: /home/codespace/.cache/firebase/emulators/ui-v1.15.0/client/
[debug] [2025-10-20T14:25:45.884Z] [unzip] Entry: client/favicon-16x16.png (compressed_size=293 bytes, uncompressed_size=293 bytes)
[debug] [2025-10-20T14:25:45.884Z] [unzip] Processing entry: client/favicon-16x16.png
[debug] [2025-10-20T14:25:45.884Z] [unzip] else mkdir: /home/codespace/.cache/firebase/emulators/ui-v1.15.0/client
[debug] [2025-10-20T14:25:45.885Z] [unzip] Writing file: /home/codespace/.cache/firebase/emulators/ui-v1.15.0/client/favicon-16x16.png
[debug] [2025-10-20T14:25:45.885Z] [unzip] Entry: client/safari-pinned-tab.svg (compressed_size=1433 bytes, uncompressed_size=2611 bytes)
[debug] [2025-10-20T14:25:45.885Z] [unzip] Processing entry: client/safari-pinned-tab.svg
[debug] [2025-10-20T14:25:45.885Z] [unzip] else mkdir: /home/codespace/.cache/firebase/emulators/ui-v1.15.0/client
[debug] [2025-10-20T14:25:45.886Z] [unzip] deflating: /home/codespace/.cache/firebase/emulators/ui-v1.15.0/client/safari-pinned-tab.svg
[debug] [2025-10-20T14:25:45.889Z] [unzip] Entry: client/favicon.ico (compressed_size=2933 bytes, uncompressed_size=13294 bytes)
[debug] [2025-10-20T14:25:45.889Z] [unzip] Processing entry: client/favicon.ico
[debug] [2025-10-20T14:25:45.889Z] [unzip] else mkdir: /home/codespace/.cache/firebase/emulators/ui-v1.15.0/client
[debug] [2025-10-20T14:25:45.890Z] [unzip] deflating: /home/codespace/.cache/firebase/emulators/ui-v1.15.0/client/favicon.ico
[debug] [2025-10-20T14:25:45.893Z] [unzip] Entry: client/index.html (compressed_size=1364 bytes, uncompressed_size=3071 bytes)
[debug] [2025-10-20T14:25:45.893Z] [unzip] Processing entry: client/index.html
[debug] [2025-10-20T14:25:45.894Z] [unzip] else mkdir: /home/codespace/.cache/firebase/emulators/ui-v1.15.0/client
[debug] [2025-10-20T14:25:45.894Z] [unzip] deflating: /home/codespace/.cache/firebase/emulators/ui-v1.15.0/client/index.html
[debug] [2025-10-20T14:25:45.896Z] [unzip] Entry: client/android-chrome-192x192.png (compressed_size=2684 bytes, uncompressed_size=2684 bytes)
[debug] [2025-10-20T14:25:45.896Z] [unzip] Processing entry: client/android-chrome-192x192.png
[debug] [2025-10-20T14:25:45.896Z] [unzip] else mkdir: /home/codespace/.cache/firebase/emulators/ui-v1.15.0/client
[debug] [2025-10-20T14:25:45.896Z] [unzip] Writing file: /home/codespace/.cache/firebase/emulators/ui-v1.15.0/client/android-chrome-192x192.png
[debug] [2025-10-20T14:25:45.897Z] [unzip] Entry: client/apple-touch-icon.png (compressed_size=2123 bytes, uncompressed_size=2152 bytes)
[debug] [2025-10-20T14:25:45.897Z] [unzip] Processing entry: client/apple-touch-icon.png
[debug] [2025-10-20T14:25:45.897Z] [unzip] else mkdir: /home/codespace/.cache/firebase/emulators/ui-v1.15.0/client
[debug] [2025-10-20T14:25:45.897Z] [unzip] deflating: /home/codespace/.cache/firebase/emulators/ui-v1.15.0/client/apple-touch-icon.png
[debug] [2025-10-20T14:25:45.898Z] [unzip] Entry: client/android-chrome-512x512.png (compressed_size=5369 bytes, uncompressed_size=5411 bytes)
[debug] [2025-10-20T14:25:45.899Z] [unzip] Processing entry: client/android-chrome-512x512.png
[debug] [2025-10-20T14:25:45.899Z] [unzip] else mkdir: /home/codespace/.cache/firebase/emulators/ui-v1.15.0/client
[debug] [2025-10-20T14:25:45.899Z] [unzip] deflating: /home/codespace/.cache/firebase/emulators/ui-v1.15.0/client/android-chrome-512x512.png
[debug] [2025-10-20T14:25:45.900Z] [unzip] Entry: client/manifest.json (compressed_size=245 bytes, uncompressed_size=551 bytes)
[debug] [2025-10-20T14:25:45.900Z] [unzip] Processing entry: client/manifest.json
[debug] [2025-10-20T14:25:45.900Z] [unzip] else mkdir: /home/codespace/.cache/firebase/emulators/ui-v1.15.0/client
[debug] [2025-10-20T14:25:45.900Z] [unzip] deflating: /home/codespace/.cache/firebase/emulators/ui-v1.15.0/client/manifest.json
[debug] [2025-10-20T14:25:45.902Z] [unzip] Entry: client/robots.txt (compressed_size=26 bytes, uncompressed_size=26 bytes)
[debug] [2025-10-20T14:25:45.902Z] [unzip] Processing entry: client/robots.txt
[debug] [2025-10-20T14:25:45.902Z] [unzip] else mkdir: /home/codespace/.cache/firebase/emulators/ui-v1.15.0/client
[debug] [2025-10-20T14:25:45.902Z] [unzip] Writing file: /home/codespace/.cache/firebase/emulators/ui-v1.15.0/client/robots.txt
[debug] [2025-10-20T14:25:45.903Z] [unzip] Entry: client/mstile-150x150.png (compressed_size=2034 bytes, uncompressed_size=2034 bytes)
[debug] [2025-10-20T14:25:45.903Z] [unzip] Processing entry: client/mstile-150x150.png
[debug] [2025-10-20T14:25:45.903Z] [unzip] else mkdir: /home/codespace/.cache/firebase/emulators/ui-v1.15.0/client
[debug] [2025-10-20T14:25:45.903Z] [unzip] Writing file: /home/codespace/.cache/firebase/emulators/ui-v1.15.0/client/mstile-150x150.png
[debug] [2025-10-20T14:25:45.903Z] [unzip] Entry: client/assets/ (compressed_size=0 bytes, uncompressed_size=0 bytes)
[debug] [2025-10-20T14:25:45.903Z] [unzip] Processing entry: client/assets/
[debug] [2025-10-20T14:25:45.904Z] [unzip] mkdir: /home/codespace/.cache/firebase/emulators/ui-v1.15.0/client/assets/
[debug] [2025-10-20T14:25:45.904Z] [unzip] Entry: client/assets/index-BX-A56oj.js (compressed_size=582089 bytes, uncompressed_size=2092775 bytes)
[debug] [2025-10-20T14:25:45.904Z] [unzip] Processing entry: client/assets/index-BX-A56oj.js
[debug] [2025-10-20T14:25:45.904Z] [unzip] else mkdir: /home/codespace/.cache/firebase/emulators/ui-v1.15.0/client/assets
[debug] [2025-10-20T14:25:45.904Z] [unzip] deflating: /home/codespace/.cache/firebase/emulators/ui-v1.15.0/client/assets/index-BX-A56oj.js
[debug] [2025-10-20T14:25:45.921Z] [unzip] Entry: client/assets/index-CjB9C900.css (compressed_size=35979 bytes, uncompressed_size=298654 bytes)
[debug] [2025-10-20T14:25:45.921Z] [unzip] Processing entry: client/assets/index-CjB9C900.css
[debug] [2025-10-20T14:25:45.921Z] [unzip] else mkdir: /home/codespace/.cache/firebase/emulators/ui-v1.15.0/client/assets
[debug] [2025-10-20T14:25:45.922Z] [unzip] deflating: /home/codespace/.cache/firebase/emulators/ui-v1.15.0/client/assets/index-CjB9C900.css
[debug] [2025-10-20T14:25:45.926Z] [unzip] Entry: client/assets/index-BX-A56oj.js.map (compressed_size=2362482 bytes, uncompressed_size=10036679 bytes)
[debug] [2025-10-20T14:25:45.926Z] [unzip] Processing entry: client/assets/index-BX-A56oj.js.map
[debug] [2025-10-20T14:25:45.926Z] [unzip] else mkdir: /home/codespace/.cache/firebase/emulators/ui-v1.15.0/client/assets
[debug] [2025-10-20T14:25:45.926Z] [unzip] deflating: /home/codespace/.cache/firebase/emulators/ui-v1.15.0/client/assets/index-BX-A56oj.js.map
[debug] [2025-10-20T14:25:45.974Z] <<< [apiv2][status] GET https://firebase-public.firebaseio.com/cli.json 200
[debug] [2025-10-20T14:25:45.974Z] <<< [apiv2][body] GET https://firebase-public.firebaseio.com/cli.json {"cloudBuildErrorAfter":1594252800000,"cloudBuildWarnAfter":1590019200000,"defaultNode10After":1594252800000,"minVersion":"3.0.5","node8DeploysDisabledAfter":1613390400000,"node8RuntimeDisabledAfter":1615809600000,"node8WarnAfter":1600128000000}
[debug] [2025-10-20T14:25:46.053Z] [unzip] Entry: client/assets/extensions/ (compressed_size=0 bytes, uncompressed_size=0 bytes)
[debug] [2025-10-20T14:25:46.053Z] [unzip] Processing entry: client/assets/extensions/
[debug] [2025-10-20T14:25:46.053Z] [unzip] mkdir: /home/codespace/.cache/firebase/emulators/ui-v1.15.0/client/assets/extensions/
[debug] [2025-10-20T14:25:46.054Z] [unzip] Entry: client/assets/extensions/default-extension.png (compressed_size=1646 bytes, uncompressed_size=1657 bytes)
[debug] [2025-10-20T14:25:46.054Z] [unzip] Processing entry: client/assets/extensions/default-extension.png
[debug] [2025-10-20T14:25:46.054Z] [unzip] else mkdir: /home/codespace/.cache/firebase/emulators/ui-v1.15.0/client/assets/extensions
[debug] [2025-10-20T14:25:46.054Z] [unzip] deflating: /home/codespace/.cache/firebase/emulators/ui-v1.15.0/client/assets/extensions/default-extension.png
[debug] [2025-10-20T14:25:46.055Z] [unzip] Entry: client/assets/img/ (compressed_size=0 bytes, uncompressed_size=0 bytes)
[debug] [2025-10-20T14:25:46.055Z] [unzip] Processing entry: client/assets/img/
[debug] [2025-10-20T14:25:46.055Z] [unzip] mkdir: /home/codespace/.cache/firebase/emulators/ui-v1.15.0/client/assets/img/
[debug] [2025-10-20T14:25:46.056Z] [unzip] Entry: client/assets/img/database.png (compressed_size=29449 bytes, uncompressed_size=29988 bytes)
[debug] [2025-10-20T14:25:46.056Z] [unzip] Processing entry: client/assets/img/database.png
[debug] [2025-10-20T14:25:46.056Z] [unzip] else mkdir: /home/codespace/.cache/firebase/emulators/ui-v1.15.0/client/assets/img
[debug] [2025-10-20T14:25:46.056Z] [unzip] deflating: /home/codespace/.cache/firebase/emulators/ui-v1.15.0/client/assets/img/database.png
[debug] [2025-10-20T14:25:46.057Z] [unzip] Entry: client/assets/provider-icons/ (compressed_size=0 bytes, uncompressed_size=0 bytes)
[debug] [2025-10-20T14:25:46.057Z] [unzip] Processing entry: client/assets/provider-icons/
[debug] [2025-10-20T14:25:46.057Z] [unzip] mkdir: /home/codespace/.cache/firebase/emulators/ui-v1.15.0/client/assets/provider-icons/
[debug] [2025-10-20T14:25:46.057Z] [unzip] Entry: client/assets/provider-icons/auth_service_saml.svg (compressed_size=575 bytes, uncompressed_size=1226 bytes)
[debug] [2025-10-20T14:25:46.057Z] [unzip] Processing entry: client/assets/provider-icons/auth_service_saml.svg
[debug] [2025-10-20T14:25:46.057Z] [unzip] else mkdir: /home/codespace/.cache/firebase/emulators/ui-v1.15.0/client/assets/provider-icons
[debug] [2025-10-20T14:25:46.058Z] [unzip] deflating: /home/codespace/.cache/firebase/emulators/ui-v1.15.0/client/assets/provider-icons/auth_service_saml.svg
[debug] [2025-10-20T14:25:46.059Z] [unzip] Entry: client/assets/provider-icons/auth_service_phone.svg (compressed_size=261 bytes, uncompressed_size=414 bytes)
[debug] [2025-10-20T14:25:46.059Z] [unzip] Processing entry: client/assets/provider-icons/auth_service_phone.svg
[debug] [2025-10-20T14:25:46.059Z] [unzip] else mkdir: /home/codespace/.cache/firebase/emulators/ui-v1.15.0/client/assets/provider-icons
[debug] [2025-10-20T14:25:46.059Z] [unzip] deflating: /home/codespace/.cache/firebase/emulators/ui-v1.15.0/client/assets/provider-icons/auth_service_phone.svg
[debug] [2025-10-20T14:25:46.060Z] [unzip] Entry: client/assets/provider-icons/auth_service_facebook.svg (compressed_size=289 bytes, uncompressed_size=457 bytes)
[debug] [2025-10-20T14:25:46.060Z] [unzip] Processing entry: client/assets/provider-icons/auth_service_facebook.svg
[debug] [2025-10-20T14:25:46.060Z] [unzip] else mkdir: /home/codespace/.cache/firebase/emulators/ui-v1.15.0/client/assets/provider-icons
[debug] [2025-10-20T14:25:46.060Z] [unzip] deflating: /home/codespace/.cache/firebase/emulators/ui-v1.15.0/client/assets/provider-icons/auth_service_facebook.svg
[debug] [2025-10-20T14:25:46.061Z] [unzip] Entry: client/assets/provider-icons/auth_service_game_center.svg (compressed_size=991 bytes, uncompressed_size=3921 bytes)
[debug] [2025-10-20T14:25:46.061Z] [unzip] Processing entry: client/assets/provider-icons/auth_service_game_center.svg
[debug] [2025-10-20T14:25:46.061Z] [unzip] else mkdir: /home/codespace/.cache/firebase/emulators/ui-v1.15.0/client/assets/provider-icons
[debug] [2025-10-20T14:25:46.061Z] [unzip] deflating: /home/codespace/.cache/firebase/emulators/ui-v1.15.0/client/assets/provider-icons/auth_service_game_center.svg
[debug] [2025-10-20T14:25:46.062Z] [unzip] Entry: client/assets/provider-icons/auth_service_apple.svg (compressed_size=230 bytes, uncompressed_size=334 bytes)
[debug] [2025-10-20T14:25:46.062Z] [unzip] Processing entry: client/assets/provider-icons/auth_service_apple.svg
[debug] [2025-10-20T14:25:46.062Z] [unzip] else mkdir: /home/codespace/.cache/firebase/emulators/ui-v1.15.0/client/assets/provider-icons
[debug] [2025-10-20T14:25:46.063Z] [unzip] deflating: /home/codespace/.cache/firebase/emulators/ui-v1.15.0/client/assets/provider-icons/auth_service_apple.svg
[debug] [2025-10-20T14:25:46.063Z] [unzip] Entry: client/assets/provider-icons/auth_service_github.svg (compressed_size=466 bytes, uncompressed_size=838 bytes)
[debug] [2025-10-20T14:25:46.064Z] [unzip] Processing entry: client/assets/provider-icons/auth_service_github.svg
[debug] [2025-10-20T14:25:46.064Z] [unzip] else mkdir: /home/codespace/.cache/firebase/emulators/ui-v1.15.0/client/assets/provider-icons
[debug] [2025-10-20T14:25:46.064Z] [unzip] deflating: /home/codespace/.cache/firebase/emulators/ui-v1.15.0/client/assets/provider-icons/auth_service_github.svg
[debug] [2025-10-20T14:25:46.065Z] [unzip] Entry: client/assets/provider-icons/auth_service_mslive.svg (compressed_size=203 bytes, uncompressed_size=378 bytes)
[debug] [2025-10-20T14:25:46.065Z] [unzip] Processing entry: client/assets/provider-icons/auth_service_mslive.svg
[debug] [2025-10-20T14:25:46.065Z] [unzip] else mkdir: /home/codespace/.cache/firebase/emulators/ui-v1.15.0/client/assets/provider-icons
[debug] [2025-10-20T14:25:46.065Z] [unzip] deflating: /home/codespace/.cache/firebase/emulators/ui-v1.15.0/client/assets/provider-icons/auth_service_mslive.svg
[debug] [2025-10-20T14:25:46.066Z] [unzip] Entry: client/assets/provider-icons/auth_service_yahoo.svg (compressed_size=577 bytes, uncompressed_size=1182 bytes)
[debug] [2025-10-20T14:25:46.066Z] [unzip] Processing entry: client/assets/provider-icons/auth_service_yahoo.svg
[debug] [2025-10-20T14:25:46.066Z] [unzip] else mkdir: /home/codespace/.cache/firebase/emulators/ui-v1.15.0/client/assets/provider-icons
[debug] [2025-10-20T14:25:46.067Z] [unzip] deflating: /home/codespace/.cache/firebase/emulators/ui-v1.15.0/client/assets/provider-icons/auth_service_yahoo.svg
[debug] [2025-10-20T14:25:46.068Z] [unzip] Entry: client/assets/provider-icons/auth_service_twitter.svg (compressed_size=444 bytes, uncompressed_size=751 bytes)
[debug] [2025-10-20T14:25:46.068Z] [unzip] Processing entry: client/assets/provider-icons/auth_service_twitter.svg
[debug] [2025-10-20T14:25:46.068Z] [unzip] else mkdir: /home/codespace/.cache/firebase/emulators/ui-v1.15.0/client/assets/provider-icons
[debug] [2025-10-20T14:25:46.068Z] [unzip] deflating: /home/codespace/.cache/firebase/emulators/ui-v1.15.0/client/assets/provider-icons/auth_service_twitter.svg
[debug] [2025-10-20T14:25:46.069Z] [unzip] Entry: client/assets/provider-icons/auth_service_play_games.svg (compressed_size=565 bytes, uncompressed_size=1173 bytes)
[debug] [2025-10-20T14:25:46.069Z] [unzip] Processing entry: client/assets/provider-icons/auth_service_play_games.svg
[debug] [2025-10-20T14:25:46.069Z] [unzip] else mkdir: /home/codespace/.cache/firebase/emulators/ui-v1.15.0/client/assets/provider-icons
[debug] [2025-10-20T14:25:46.069Z] [unzip] deflating: /home/codespace/.cache/firebase/emulators/ui-v1.15.0/client/assets/provider-icons/auth_service_play_games.svg
[debug] [2025-10-20T14:25:46.070Z] [unzip] Entry: client/assets/provider-icons/auth_service_email.svg (compressed_size=228 bytes, uncompressed_size=326 bytes)
[debug] [2025-10-20T14:25:46.070Z] [unzip] Processing entry: client/assets/provider-icons/auth_service_email.svg
[debug] [2025-10-20T14:25:46.070Z] [unzip] else mkdir: /home/codespace/.cache/firebase/emulators/ui-v1.15.0/client/assets/provider-icons
[debug] [2025-10-20T14:25:46.071Z] [unzip] deflating: /home/codespace/.cache/firebase/emulators/ui-v1.15.0/client/assets/provider-icons/auth_service_email.svg
[debug] [2025-10-20T14:25:46.071Z] [unzip] Entry: client/assets/provider-icons/auth_service_google.svg (compressed_size=409 bytes, uncompressed_size=720 bytes)
[debug] [2025-10-20T14:25:46.071Z] [unzip] Processing entry: client/assets/provider-icons/auth_service_google.svg
[debug] [2025-10-20T14:25:46.072Z] [unzip] else mkdir: /home/codespace/.cache/firebase/emulators/ui-v1.15.0/client/assets/provider-icons
[debug] [2025-10-20T14:25:46.072Z] [unzip] deflating: /home/codespace/.cache/firebase/emulators/ui-v1.15.0/client/assets/provider-icons/auth_service_google.svg
[debug] [2025-10-20T14:25:46.073Z] [unzip] Entry: client/assets/provider-icons/auth_service_oidc.svg (compressed_size=414 bytes, uncompressed_size=858 bytes)
[debug] [2025-10-20T14:25:46.073Z] [unzip] Processing entry: client/assets/provider-icons/auth_service_oidc.svg
[debug] [2025-10-20T14:25:46.073Z] [unzip] else mkdir: /home/codespace/.cache/firebase/emulators/ui-v1.15.0/client/assets/provider-icons
[debug] [2025-10-20T14:25:46.073Z] [unzip] deflating: /home/codespace/.cache/firebase/emulators/ui-v1.15.0/client/assets/provider-icons/auth_service_oidc.svg
[debug] [2025-10-20T14:25:46.074Z] [unzip] Entry: client/browserconfig.xml (compressed_size=491 bytes, uncompressed_size=822 bytes)
[debug] [2025-10-20T14:25:46.074Z] [unzip] Processing entry: client/browserconfig.xml
[debug] [2025-10-20T14:25:46.074Z] [unzip] else mkdir: /home/codespace/.cache/firebase/emulators/ui-v1.15.0/client
[debug] [2025-10-20T14:25:46.074Z] [unzip] deflating: /home/codespace/.cache/firebase/emulators/ui-v1.15.0/client/browserconfig.xml
[debug] [2025-10-20T14:25:46.075Z] [unzip] Entry: client/favicon-32x32.png (compressed_size=475 bytes, uncompressed_size=475 bytes)
[debug] [2025-10-20T14:25:46.075Z] [unzip] Processing entry: client/favicon-32x32.png
[debug] [2025-10-20T14:25:46.075Z] [unzip] else mkdir: /home/codespace/.cache/firebase/emulators/ui-v1.15.0/client
[debug] [2025-10-20T14:25:46.076Z] [unzip] Writing file: /home/codespace/.cache/firebase/emulators/ui-v1.15.0/client/favicon-32x32.png
[debug] [2025-10-20T14:25:46.076Z] [unzip] Entry: server/ (compressed_size=0 bytes, uncompressed_size=0 bytes)
[debug] [2025-10-20T14:25:46.076Z] [unzip] Processing entry: server/
[debug] [2025-10-20T14:25:46.076Z] [unzip] mkdir: /home/codespace/.cache/firebase/emulators/ui-v1.15.0/server/
[debug] [2025-10-20T14:25:46.076Z] [unzip] Entry: server/server.mjs.map (compressed_size=217845 bytes, uncompressed_size=944978 bytes)
[debug] [2025-10-20T14:25:46.076Z] [unzip] Processing entry: server/server.mjs.map
[debug] [2025-10-20T14:25:46.077Z] [unzip] else mkdir: /home/codespace/.cache/firebase/emulators/ui-v1.15.0/server
[debug] [2025-10-20T14:25:46.077Z] [unzip] deflating: /home/codespace/.cache/firebase/emulators/ui-v1.15.0/server/server.mjs.map
[debug] [2025-10-20T14:25:46.084Z] [unzip] Entry: server/server.mjs (compressed_size=276407 bytes, uncompressed_size=933701 bytes)
[debug] [2025-10-20T14:25:46.084Z] [unzip] Processing entry: server/server.mjs
[debug] [2025-10-20T14:25:46.084Z] [unzip] else mkdir: /home/codespace/.cache/firebase/emulators/ui-v1.15.0/server
[debug] [2025-10-20T14:25:46.085Z] [unzip] deflating: /home/codespace/.cache/firebase/emulators/ui-v1.15.0/server/server.mjs
[info] i  functions: Watching "/workspaces/verumceleb/verum-omnis-founders-gift-v5/verum-omnis-monorepo/functions" for Cloud Functions... {"metadata":{"emulator":{"name":"functions"},"message":"Watching \"/workspaces/verumceleb/verum-omnis-founders-gift-v5/verum-omnis-monorepo/functions\" for Cloud Functions..."}}
[debug] [2025-10-20T14:25:46.098Z] Validating nodejs source
[debug] [2025-10-20T14:25:46.631Z] > [functions] package.json contents: {
  "name": "verum-web-api",
  "version": "1.0.0",
  "type": "module",
  "engines": {
    "node": "20"
  },
  "scripts": {
    "test": "vitest run"
  },
  "dependencies": {
    "express": "^4.21.1",
    "firebase-functions": "^6.0.1",
    "cors": "^2.8.5",
    "helmet": "^8.0.0",
    "js-yaml": "^4.1.0",
    "pdfkit": "^0.15.0",
    "qrcode": "^1.5.4",
    "multer": "^1.4.5-lts.1",
    "pino": "^9.5.0"
  },
  "devDependencies": {
    "supertest": "^7.0.0",
    "vitest": "^1.6.0"
  }
}
[debug] [2025-10-20T14:25:46.631Z] Building nodejs source
[debug] [2025-10-20T14:25:46.632Z] Failed to find version of module node: reached end of search path /workspaces/verumceleb/verum-omnis-founders-gift-v5/verum-omnis-monorepo/functions/node_modules
[warn] ⚠  functions: Your requested "node" version "20" doesn't match your global version "22". Using node@22 from host. 
[debug] [2025-10-20T14:25:46.637Z] Could not find functions.yaml. Must use http discovery
[debug] [2025-10-20T14:25:46.643Z] Found firebase-functions binary at '/workspaces/verumceleb/verum-omnis-founders-gift-v5/verum-omnis-monorepo/functions/node_modules/.bin/firebase-functions'
[debug] [2025-10-20T14:25:46.655Z] Error: spawn /workspaces/verumceleb/verum-omnis-founders-gift-v5/verum-omnis-monorepo/functions/node_modules/.bin/firebase-functions EACCES
    at ChildProcess._handle.onexit (node:internal/child_process:285:19)
    at onErrorNT (node:internal/child_process:483:16)
    at process.processTicksAndRejections (node:internal/process/task_queues:90:21)
[error] 
[error] Error: An unexpected error has occurred.
